2017-10-19 13:58:49.888286 Start.
Computing SKM log-mel-spectrograms (logmelspec) for full BirdVox-70k.
Unit: unit01.

h5py version: 2.6.0
librosa version: 0.5.1
numpy version: 1.13.1
pandas version: 0.20.3
soundfile version: 0.9.0

Traceback (most recent call last):
  File "h5py/utils.pyx", line 101, in h5py.utils.convert_tuple (/tmp/pip-tnf92dft-build/h5py/utils.c:1925)
TypeError: an integer is required

During handling of the above exception, another exception occurred:

Traceback (most recent call last):
  File "../../../src/021_compute-skm-full-logmelspec.py", line 100, in <module>
    lms_dataset = out_file.create_dataset("logmelspec", lms_dataset_size)
  File "/home/vl1019/miniconda3/lib/python3.6/site-packages/h5py/_hl/group.py", line 105, in create_dataset
    dsid = dataset.make_new_dset(self, shape, dtype, data, **kwds)
  File "/home/vl1019/miniconda3/lib/python3.6/site-packages/h5py/_hl/dataset.py", line 126, in make_new_dset
    sid = h5s.create_simple(shape, maxshape)
  File "h5py/_objects.pyx", line 54, in h5py._objects.with_phil.wrapper (/tmp/pip-tnf92dft-build/h5py/_objects.c:2853)
  File "h5py/_objects.pyx", line 55, in h5py._objects.with_phil.wrapper (/tmp/pip-tnf92dft-build/h5py/_objects.c:2811)
  File "h5py/h5s.pyx", line 95, in h5py.h5s.create_simple (/tmp/pip-tnf92dft-build/h5py/h5s.c:1655)
  File "h5py/utils.pyx", line 103, in h5py.utils.convert_tuple (/tmp/pip-tnf92dft-build/h5py/utils.c:1993)
TypeError: Can't convert element 0 (<HDF5 dataset "n_mels": shape (), type "<i8">) to hsize_t
